Performing C++ SOURCE FILE Test HAVE_AVX_EXTENSIONS failed with the following compile output:
Change Dir: /Users/Mattlu/Desktop/CS184/p3-1-pathtracer-sp23-sussybaka/xcode/CMakeFiles/CMakeScratch/TryCompile-wmozfv

Run Build Command(s):/usr/bin/xcodebuild -project CMAKE_TRY_COMPILE.xcodeproj build -target cmTC_67975 -parallelizeTargets -configuration Debug -hideShellScriptEnvironment && Command line invocation:
    /Applications/Xcode.app/Contents/Developer/usr/bin/xcodebuild -project CMAKE_TRY_COMPILE.xcodeproj build -target cmTC_67975 -parallelizeTargets -configuration Debug -hideShellScriptEnvironment

User defaults from command line:
    HideShellScriptEnvironment = YES
    IDEPackageSupportUseBuiltinSCM = YES

Computing target dependency graph and provisioning inputs

Create build description
Build description signature: 1ae7d2da43f988c6f76e53b26d02d126
Build description path: /Users/Mattlu/Desktop/CS184/p3-1-pathtracer-sp23-sussybaka/xcode/CMakeFiles/CMakeScratch/TryCompile-wmozfv/build/XCBuildData/1ae7d2da43f988c6f76e53b26d02d126-desc.xcbuild

note: Building targets in dependency order
CreateBuildDirectory /Users/Mattlu/Desktop/CS184/p3-1-pathtracer-sp23-sussybaka/xcode/CMakeFiles/CMakeScratch/TryCompile-wmozfv/Debug
    cd /Users/Mattlu/Desktop/CS184/p3-1-pathtracer-sp23-sussybaka/xcode/CMakeFiles/CMakeScratch/TryCompile-wmozfv/CMAKE_TRY_COMPILE.xcodeproj
    builtin-create-build-directory /Users/Mattlu/Desktop/CS184/p3-1-pathtracer-sp23-sussybaka/xcode/CMakeFiles/CMakeScratch/TryCompile-wmozfv/Debug

CreateBuildDirectory /Users/Mattlu/Desktop/CS184/p3-1-pathtracer-sp23-sussybaka/xcode/CMakeFiles/CMakeScratch/TryCompile-wmozfv/build
    cd /Users/Mattlu/Desktop/CS184/p3-1-pathtracer-sp23-sussybaka/xcode/CMakeFiles/CMakeScratch/TryCompile-wmozfv/CMAKE_TRY_COMPILE.xcodeproj
    builtin-create-build-directory /Users/Mattlu/Desktop/CS184/p3-1-pathtracer-sp23-sussybaka/xcode/CMakeFiles/CMakeScratch/TryCompile-wmozfv/build

CreateBuildDirectory /Users/Mattlu/Desktop/CS184/p3-1-pathtracer-sp23-sussybaka/xcode/CMakeFiles/CMakeScratch/TryCompile-wmozfv/build/EagerLinkingTBDs
    cd /Users/Mattlu/Desktop/CS184/p3-1-pathtracer-sp23-sussybaka/xcode/CMakeFiles/CMakeScratch/TryCompile-wmozfv/CMAKE_TRY_COMPILE.xcodeproj
    builtin-create-build-directory /Users/Mattlu/Desktop/CS184/p3-1-pathtracer-sp23-sussybaka/xcode/CMakeFiles/CMakeScratch/TryCompile-wmozfv/build/EagerLinkingTBDs

WriteAuxiliaryFile /Users/Mattlu/Desktop/CS184/p3-1-pathtracer-sp23-sussybaka/xcode/CMakeFiles/CMakeScratch/TryCompile-wmozfv/build/cmTC_67975.build/Debug/Objects-normal/x86_64/cmTC_67975.LinkFileList (in target 'cmTC_67975' from project 'CMAKE_TRY_COMPILE')
    cd /Users/Mattlu/Desktop/CS184/p3-1-pathtracer-sp23-sussybaka/xcode/CMakeFiles/CMakeScratch/TryCompile-wmozfv
    write-file /Users/Mattlu/Desktop/CS184/p3-1-pathtracer-sp23-sussybaka/xcode/CMakeFiles/CMakeScratch/TryCompile-wmozfv/build/cmTC_67975.build/Debug/Objects-normal/x86_64/cmTC_67975.LinkFileList

CompileC /Users/Mattlu/Desktop/CS184/p3-1-pathtracer-sp23-sussybaka/xcode/CMakeFiles/CMakeScratch/TryCompile-wmozfv/build/cmTC_67975.build/Debug/Objects-normal/x86_64/src.o /Users/Mattlu/Desktop/CS184/p3-1-pathtracer-sp23-sussybaka/xcode/CMakeFiles/CMakeScratch/TryCompile-wmozfv/src.cxx normal x86_64 c++ com.apple.compilers.llvm.clang.1_0.compiler (in target 'cmTC_67975' from project 'CMAKE_TRY_COMPILE')
    cd /Users/Mattlu/Desktop/CS184/p3-1-pathtracer-sp23-sussybaka/xcode/CMakeFiles/CMakeScratch/TryCompile-wmozfv
    /Applications/Xcode.app/Contents/Developer/Toolchains/XcodeDefault.xctoolchain/usr/bin/clang -x c++ -target x86_64-apple-macos12.5 -fmessage-length\=0 -fdiagnostics-show-note-include-stack -fmacro-backtrace-limit\=0 -Wno-trigraphs -fpascal-strings -O0 -Wno-missing-field-initializers -Wno-missing-prototypes -Wno-return-type -Wno-non-virtual-dtor -Wno-overloaded-virtual -Wno-exit-time-destructors -Wno-missing-braces -Wparentheses -Wswitch -Wno-unused-function -Wno-unused-label -Wno-unused-parameter -Wno-unused-variable -Wunused-value -Wno-empty-body -Wno-uninitialized -Wno-unknown-pragmas -Wno-shadow -Wno-four-char-constants -Wno-conversion -Wno-constant-conversion -Wno-int-conversion -Wno-bool-conversion -Wno-enum-conversion -Wno-float-conversion -Wno-non-literal-null-conversion -Wno-objc-literal-conversion -Wshorten-64-to-32 -Wno-newline-eof -Wno-c++11-extensions -Wno-implicit-fallthrough -DCMAKE_INTDIR\=\"Debug\" -DHAVE_AVX_EXTENSIONS -isysroot /Applications/Xcode.app/Contents/Developer/Platforms/MacOSX.platform/Developer/SDKs/MacOSX13.1.sdk -fasm-blocks -fstrict-aliasing -Wdeprecated-declarations -Winvalid-offsetof -g -Wno-sign-conversion -Wno-infinite-recursion -Wno-move -Wno-comma -Wno-block-capture-autoreleasing -Wno-strict-prototypes -Wno-range-loop-analysis -Wno-semicolon-before-method-body -I/Users/Mattlu/Desktop/CS184/p3-1-pathtracer-sp23-sussybaka/xcode/CMakeFiles/CMakeScratch/TryCompile-wmozfv/Debug/include -I/Users/Mattlu/Desktop/CS184/p3-1-pathtracer-sp23-sussybaka/xcode/CMakeFiles/CMakeScratch/TryCompile-wmozfv/build/cmTC_67975.build/Debug/DerivedSources-normal/x86_64 -I/Users/Mattlu/Desktop/CS184/p3-1-pathtracer-sp23-sussybaka/xcode/CMakeFiles/CMakeScratch/TryCompile-wmozfv/build/cmTC_67975.build/Debug/DerivedSources/x86_64 -I/Users/Mattlu/Desktop/CS184/p3-1-pathtracer-sp23-sussybaka/xcode/CMakeFiles/CMakeScratch/TryCompile-wmozfv/build/cmTC_67975.build/Debug/DerivedSources -F/Users/Mattlu/Desktop/CS184/p3-1-pathtracer-sp23-sussybaka/xcode/CMakeFiles/CMakeScratch/TryCompile-wmozfv/Debug -mavx -MMD -MT dependencies -MF /Users/Mattlu/Desktop/CS184/p3-1-pathtracer-sp23-sussybaka/xcode/CMakeFiles/CMakeScratch/TryCompile-wmozfv/build/cmTC_67975.build/Debug/Objects-normal/x86_64/src.d --serialize-diagnostics /Users/Mattlu/Desktop/CS184/p3-1-pathtracer-sp23-sussybaka/xcode/CMakeFiles/CMakeScratch/TryCompile-wmozfv/build/cmTC_67975.build/Debug/Objects-normal/x86_64/src.dia -c /Users/Mattlu/Desktop/CS184/p3-1-pathtracer-sp23-sussybaka/xcode/CMakeFiles/CMakeScratch/TryCompile-wmozfv/src.cxx -o /Users/Mattlu/Desktop/CS184/p3-1-pathtracer-sp23-sussybaka/xcode/CMakeFiles/CMakeScratch/TryCompile-wmozfv/build/cmTC_67975.build/Debug/Objects-normal/x86_64/src.o

Ld /Users/Mattlu/Desktop/CS184/p3-1-pathtracer-sp23-sussybaka/xcode/CMakeFiles/CMakeScratch/TryCompile-wmozfv/Debug/cmTC_67975 normal (in target 'cmTC_67975' from project 'CMAKE_TRY_COMPILE')
    cd /Users/Mattlu/Desktop/CS184/p3-1-pathtracer-sp23-sussybaka/xcode/CMakeFiles/CMakeScratch/TryCompile-wmozfv
    /Applications/Xcode.app/Contents/Developer/Toolchains/XcodeDefault.xctoolchain/usr/bin/clang++ -target x86_64-apple-macos12.5 -isysroot /Applications/Xcode.app/Contents/Developer/Platforms/MacOSX.platform/Developer/SDKs/MacOSX13.1.sdk -L/Users/Mattlu/Desktop/CS184/p3-1-pathtracer-sp23-sussybaka/xcode/CMakeFiles/CMakeScratch/TryCompile-wmozfv/build/EagerLinkingTBDs -L/Users/Mattlu/Desktop/CS184/p3-1-pathtracer-sp23-sussybaka/xcode/CMakeFiles/CMakeScratch/TryCompile-wmozfv/Debug -F/Users/Mattlu/Desktop/CS184/p3-1-pathtracer-sp23-sussybaka/xcode/CMakeFiles/CMakeScratch/TryCompile-wmozfv/build/EagerLinkingTBDs -F/Users/Mattlu/Desktop/CS184/p3-1-pathtracer-sp23-sussybaka/xcode/CMakeFiles/CMakeScratch/TryCompile-wmozfv/Debug -filelist /Users/Mattlu/Desktop/CS184/p3-1-pathtracer-sp23-sussybaka/xcode/CMakeFiles/CMakeScratch/TryCompile-wmozfv/build/cmTC_67975.build/Debug/Objects-normal/x86_64/cmTC_67975.LinkFileList -Xlinker -object_path_lto -Xlinker /Users/Mattlu/Desktop/CS184/p3-1-pathtracer-sp23-sussybaka/xcode/CMakeFiles/CMakeScratch/TryCompile-wmozfv/build/cmTC_67975.build/Debug/Objects-normal/x86_64/cmTC_67975_lto.o -Xlinker -no_deduplicate -Wl,-search_paths_first -Wl,-headerpad_max_install_names -Xlinker -dependency_info -Xlinker /Users/Mattlu/Desktop/CS184/p3-1-pathtracer-sp23-sussybaka/xcode/CMakeFiles/CMakeScratch/TryCompile-wmozfv/build/cmTC_67975.build/Debug/Objects-normal/x86_64/cmTC_67975_dependency_info.dat -o /Users/Mattlu/Desktop/CS184/p3-1-pathtracer-sp23-sussybaka/xcode/CMakeFiles/CMakeScratch/TryCompile-wmozfv/Debug/cmTC_67975

RegisterExecutionPolicyException /Users/Mattlu/Desktop/CS184/p3-1-pathtracer-sp23-sussybaka/xcode/CMakeFiles/CMakeScratch/TryCompile-wmozfv/Debug/cmTC_67975 (in target 'cmTC_67975' from project 'CMAKE_TRY_COMPILE')
    cd /Users/Mattlu/Desktop/CS184/p3-1-pathtracer-sp23-sussybaka/xcode/CMakeFiles/CMakeScratch/TryCompile-wmozfv
    builtin-RegisterExecutionPolicyException /Users/Mattlu/Desktop/CS184/p3-1-pathtracer-sp23-sussybaka/xcode/CMakeFiles/CMakeScratch/TryCompile-wmozfv/Debug/cmTC_67975

** BUILD SUCCEEDED **



...and run output:
Illegal instruction
Return value: FAILED_TO_RUN
Source file was:

        #include <immintrin.h>
        int main()
        {
          __m256 a, b, c;
          const float src[8] = { 1.0f, 2.0f, 3.0f, 4.0f, 5.0f, 6.0f, 7.0f, 8.0f };
          float dst[8];
          a = _mm256_loadu_ps( src );
          b = _mm256_loadu_ps( src );
          c = _mm256_add_ps( a, b );
          _mm256_storeu_ps( dst, c );

          for( int i = 0; i < 8; i++ ){
            if( ( src[i] + src[i] ) != dst[i] ){
              return -1;
            }
          }

          return 0;
        }

Performing C++ SOURCE FILE Test HAVE_AVX2_EXTENSIONS failed with the following compile output:
Change Dir: /Users/Mattlu/Desktop/CS184/p3-1-pathtracer-sp23-sussybaka/xcode/CMakeFiles/CMakeScratch/TryCompile-C9ZRAq

Run Build Command(s):/usr/bin/xcodebuild -project CMAKE_TRY_COMPILE.xcodeproj build -target cmTC_069a5 -parallelizeTargets -configuration Debug -hideShellScriptEnvironment && Command line invocation:
    /Applications/Xcode.app/Contents/Developer/usr/bin/xcodebuild -project CMAKE_TRY_COMPILE.xcodeproj build -target cmTC_069a5 -parallelizeTargets -configuration Debug -hideShellScriptEnvironment

User defaults from command line:
    HideShellScriptEnvironment = YES
    IDEPackageSupportUseBuiltinSCM = YES

Computing target dependency graph and provisioning inputs

Create build description
Build description signature: 3e1fa0ad81d6b981e0a10a85bed6a0e3
Build description path: /Users/Mattlu/Desktop/CS184/p3-1-pathtracer-sp23-sussybaka/xcode/CMakeFiles/CMakeScratch/TryCompile-C9ZRAq/build/XCBuildData/3e1fa0ad81d6b981e0a10a85bed6a0e3-desc.xcbuild

note: Building targets in dependency order
CreateBuildDirectory /Users/Mattlu/Desktop/CS184/p3-1-pathtracer-sp23-sussybaka/xcode/CMakeFiles/CMakeScratch/TryCompile-C9ZRAq/build
    cd /Users/Mattlu/Desktop/CS184/p3-1-pathtracer-sp23-sussybaka/xcode/CMakeFiles/CMakeScratch/TryCompile-C9ZRAq/CMAKE_TRY_COMPILE.xcodeproj
    builtin-create-build-directory /Users/Mattlu/Desktop/CS184/p3-1-pathtracer-sp23-sussybaka/xcode/CMakeFiles/CMakeScratch/TryCompile-C9ZRAq/build

CreateBuildDirectory /Users/Mattlu/Desktop/CS184/p3-1-pathtracer-sp23-sussybaka/xcode/CMakeFiles/CMakeScratch/TryCompile-C9ZRAq/Debug
    cd /Users/Mattlu/Desktop/CS184/p3-1-pathtracer-sp23-sussybaka/xcode/CMakeFiles/CMakeScratch/TryCompile-C9ZRAq/CMAKE_TRY_COMPILE.xcodeproj
    builtin-create-build-directory /Users/Mattlu/Desktop/CS184/p3-1-pathtracer-sp23-sussybaka/xcode/CMakeFiles/CMakeScratch/TryCompile-C9ZRAq/Debug

CreateBuildDirectory /Users/Mattlu/Desktop/CS184/p3-1-pathtracer-sp23-sussybaka/xcode/CMakeFiles/CMakeScratch/TryCompile-C9ZRAq/build/EagerLinkingTBDs
    cd /Users/Mattlu/Desktop/CS184/p3-1-pathtracer-sp23-sussybaka/xcode/CMakeFiles/CMakeScratch/TryCompile-C9ZRAq/CMAKE_TRY_COMPILE.xcodeproj
    builtin-create-build-directory /Users/Mattlu/Desktop/CS184/p3-1-pathtracer-sp23-sussybaka/xcode/CMakeFiles/CMakeScratch/TryCompile-C9ZRAq/build/EagerLinkingTBDs

CompileC /Users/Mattlu/Desktop/CS184/p3-1-pathtracer-sp23-sussybaka/xcode/CMakeFiles/CMakeScratch/TryCompile-C9ZRAq/build/cmTC_069a5.build/Debug/Objects-normal/x86_64/src.o /Users/Mattlu/Desktop/CS184/p3-1-pathtracer-sp23-sussybaka/xcode/CMakeFiles/CMakeScratch/TryCompile-C9ZRAq/src.cxx normal x86_64 c++ com.apple.compilers.llvm.clang.1_0.compiler (in target 'cmTC_069a5' from project 'CMAKE_TRY_COMPILE')
    cd /Users/Mattlu/Desktop/CS184/p3-1-pathtracer-sp23-sussybaka/xcode/CMakeFiles/CMakeScratch/TryCompile-C9ZRAq
    /Applications/Xcode.app/Contents/Developer/Toolchains/XcodeDefault.xctoolchain/usr/bin/clang -x c++ -target x86_64-apple-macos12.5 -fmessage-length\=0 -fdiagnostics-show-note-include-stack -fmacro-backtrace-limit\=0 -Wno-trigraphs -fpascal-strings -O0 -Wno-missing-field-initializers -Wno-missing-prototypes -Wno-return-type -Wno-non-virtual-dtor -Wno-overloaded-virtual -Wno-exit-time-destructors -Wno-missing-braces -Wparentheses -Wswitch -Wno-unused-function -Wno-unused-label -Wno-unused-parameter -Wno-unused-variable -Wunused-value -Wno-empty-body -Wno-uninitialized -Wno-unknown-pragmas -Wno-shadow -Wno-four-char-constants -Wno-conversion -Wno-constant-conversion -Wno-int-conversion -Wno-bool-conversion -Wno-enum-conversion -Wno-float-conversion -Wno-non-literal-null-conversion -Wno-objc-literal-conversion -Wshorten-64-to-32 -Wno-newline-eof -Wno-c++11-extensions -Wno-implicit-fallthrough -DCMAKE_INTDIR\=\"Debug\" -DHAVE_AVX2_EXTENSIONS -isysroot /Applications/Xcode.app/Contents/Developer/Platforms/MacOSX.platform/Developer/SDKs/MacOSX13.1.sdk -fasm-blocks -fstrict-aliasing -Wdeprecated-declarations -Winvalid-offsetof -g -Wno-sign-conversion -Wno-infinite-recursion -Wno-move -Wno-comma -Wno-block-capture-autoreleasing -Wno-strict-prototypes -Wno-range-loop-analysis -Wno-semicolon-before-method-body -I/Users/Mattlu/Desktop/CS184/p3-1-pathtracer-sp23-sussybaka/xcode/CMakeFiles/CMakeScratch/TryCompile-C9ZRAq/Debug/include -I/Users/Mattlu/Desktop/CS184/p3-1-pathtracer-sp23-sussybaka/xcode/CMakeFiles/CMakeScratch/TryCompile-C9ZRAq/build/cmTC_069a5.build/Debug/DerivedSources-normal/x86_64 -I/Users/Mattlu/Desktop/CS184/p3-1-pathtracer-sp23-sussybaka/xcode/CMakeFiles/CMakeScratch/TryCompile-C9ZRAq/build/cmTC_069a5.build/Debug/DerivedSources/x86_64 -I/Users/Mattlu/Desktop/CS184/p3-1-pathtracer-sp23-sussybaka/xcode/CMakeFiles/CMakeScratch/TryCompile-C9ZRAq/build/cmTC_069a5.build/Debug/DerivedSources -F/Users/Mattlu/Desktop/CS184/p3-1-pathtracer-sp23-sussybaka/xcode/CMakeFiles/CMakeScratch/TryCompile-C9ZRAq/Debug -mavx2 -MMD -MT dependencies -MF /Users/Mattlu/Desktop/CS184/p3-1-pathtracer-sp23-sussybaka/xcode/CMakeFiles/CMakeScratch/TryCompile-C9ZRAq/build/cmTC_069a5.build/Debug/Objects-normal/x86_64/src.d --serialize-diagnostics /Users/Mattlu/Desktop/CS184/p3-1-pathtracer-sp23-sussybaka/xcode/CMakeFiles/CMakeScratch/TryCompile-C9ZRAq/build/cmTC_069a5.build/Debug/Objects-normal/x86_64/src.dia -c /Users/Mattlu/Desktop/CS184/p3-1-pathtracer-sp23-sussybaka/xcode/CMakeFiles/CMakeScratch/TryCompile-C9ZRAq/src.cxx -o /Users/Mattlu/Desktop/CS184/p3-1-pathtracer-sp23-sussybaka/xcode/CMakeFiles/CMakeScratch/TryCompile-C9ZRAq/build/cmTC_069a5.build/Debug/Objects-normal/x86_64/src.o

WriteAuxiliaryFile /Users/Mattlu/Desktop/CS184/p3-1-pathtracer-sp23-sussybaka/xcode/CMakeFiles/CMakeScratch/TryCompile-C9ZRAq/build/cmTC_069a5.build/Debug/Objects-normal/x86_64/cmTC_069a5.LinkFileList (in target 'cmTC_069a5' from project 'CMAKE_TRY_COMPILE')
    cd /Users/Mattlu/Desktop/CS184/p3-1-pathtracer-sp23-sussybaka/xcode/CMakeFiles/CMakeScratch/TryCompile-C9ZRAq
    write-file /Users/Mattlu/Desktop/CS184/p3-1-pathtracer-sp23-sussybaka/xcode/CMakeFiles/CMakeScratch/TryCompile-C9ZRAq/build/cmTC_069a5.build/Debug/Objects-normal/x86_64/cmTC_069a5.LinkFileList

Ld /Users/Mattlu/Desktop/CS184/p3-1-pathtracer-sp23-sussybaka/xcode/CMakeFiles/CMakeScratch/TryCompile-C9ZRAq/Debug/cmTC_069a5 normal (in target 'cmTC_069a5' from project 'CMAKE_TRY_COMPILE')
    cd /Users/Mattlu/Desktop/CS184/p3-1-pathtracer-sp23-sussybaka/xcode/CMakeFiles/CMakeScratch/TryCompile-C9ZRAq
    /Applications/Xcode.app/Contents/Developer/Toolchains/XcodeDefault.xctoolchain/usr/bin/clang++ -target x86_64-apple-macos12.5 -isysroot /Applications/Xcode.app/Contents/Developer/Platforms/MacOSX.platform/Developer/SDKs/MacOSX13.1.sdk -L/Users/Mattlu/Desktop/CS184/p3-1-pathtracer-sp23-sussybaka/xcode/CMakeFiles/CMakeScratch/TryCompile-C9ZRAq/build/EagerLinkingTBDs -L/Users/Mattlu/Desktop/CS184/p3-1-pathtracer-sp23-sussybaka/xcode/CMakeFiles/CMakeScratch/TryCompile-C9ZRAq/Debug -F/Users/Mattlu/Desktop/CS184/p3-1-pathtracer-sp23-sussybaka/xcode/CMakeFiles/CMakeScratch/TryCompile-C9ZRAq/build/EagerLinkingTBDs -F/Users/Mattlu/Desktop/CS184/p3-1-pathtracer-sp23-sussybaka/xcode/CMakeFiles/CMakeScratch/TryCompile-C9ZRAq/Debug -filelist /Users/Mattlu/Desktop/CS184/p3-1-pathtracer-sp23-sussybaka/xcode/CMakeFiles/CMakeScratch/TryCompile-C9ZRAq/build/cmTC_069a5.build/Debug/Objects-normal/x86_64/cmTC_069a5.LinkFileList -Xlinker -object_path_lto -Xlinker /Users/Mattlu/Desktop/CS184/p3-1-pathtracer-sp23-sussybaka/xcode/CMakeFiles/CMakeScratch/TryCompile-C9ZRAq/build/cmTC_069a5.build/Debug/Objects-normal/x86_64/cmTC_069a5_lto.o -Xlinker -no_deduplicate -Wl,-search_paths_first -Wl,-headerpad_max_install_names -Xlinker -dependency_info -Xlinker /Users/Mattlu/Desktop/CS184/p3-1-pathtracer-sp23-sussybaka/xcode/CMakeFiles/CMakeScratch/TryCompile-C9ZRAq/build/cmTC_069a5.build/Debug/Objects-normal/x86_64/cmTC_069a5_dependency_info.dat -o /Users/Mattlu/Desktop/CS184/p3-1-pathtracer-sp23-sussybaka/xcode/CMakeFiles/CMakeScratch/TryCompile-C9ZRAq/Debug/cmTC_069a5

RegisterExecutionPolicyException /Users/Mattlu/Desktop/CS184/p3-1-pathtracer-sp23-sussybaka/xcode/CMakeFiles/CMakeScratch/TryCompile-C9ZRAq/Debug/cmTC_069a5 (in target 'cmTC_069a5' from project 'CMAKE_TRY_COMPILE')
    cd /Users/Mattlu/Desktop/CS184/p3-1-pathtracer-sp23-sussybaka/xcode/CMakeFiles/CMakeScratch/TryCompile-C9ZRAq
    builtin-RegisterExecutionPolicyException /Users/Mattlu/Desktop/CS184/p3-1-pathtracer-sp23-sussybaka/xcode/CMakeFiles/CMakeScratch/TryCompile-C9ZRAq/Debug/cmTC_069a5

** BUILD SUCCEEDED **



...and run output:
Illegal instruction
Return value: FAILED_TO_RUN
Source file was:

        #include <immintrin.h>
        int main()
        {
          __m256i a, b, c;
          const int src[8] = { 1, 2, 3, 4, 5, 6, 7, 8 };
          int dst[8];
          a =  _mm256_loadu_si256( (__m256i*)src );
          b =  _mm256_loadu_si256( (__m256i*)src );
          c = _mm256_add_epi32( a, b );
          _mm256_storeu_si256( (__m256i*)dst, c );

          for( int i = 0; i < 8; i++ ){
            if( ( src[i] + src[i] ) != dst[i] ){
              return -1;
            }
          }

          return 0;
        }

